<?xml version="1.0" encoding="UTF-8"?>
<testsuite xmlns:xsi="http://www.w3.org/2001/XMLSchema-instance" xsi:noNamespaceSchemaLocation="https://maven.apache.org/surefire/maven-surefire-plugin/xsd/surefire-test-report-3.0.xsd" version="3.0" name="com.junitpushup.ExampleTest" time="5.155" tests="18" errors="0" skipped="0" failures="0">
  <properties>
[...]
</properties>
  <testcase name="testContarLetrasA" classname="com.junitpushup.ExampleTest" time="0.051"/>
  <testcase name="testEsPrimo" classname="com.junitpushup.ExampleTest" time="0.002"/>
  <testcase name="testMensajeConRetraso" classname="com.junitpushup.ExampleTest" time="5.009"/>
  <testcase name="testSumar" classname="com.junitpushup.ExampleTest" time="0.001"/>
  <testcase name="testEsPrimoMayorACuatro" classname="com.junitpushup.ExampleTest" time="0.001"/>
  <testcase name="testConvertirListaAString" classname="com.junitpushup.ExampleTest" time="0.001"/>
  <testcase name="testCalcularMediaNull" classname="com.junitpushup.ExampleTest" time="0.003"/>
  <testcase name="testFactorial" classname="com.junitpushup.ExampleTest" time="0.001"/>
  <testcase name="testFactorialError" classname="com.junitpushup.ExampleTest" time="0.002"/>
  <testcase name="testNoEsPrimo" classname="com.junitpushup.ExampleTest" time="0.002"/>
  <testcase name="testConvertirAString" classname="com.junitpushup.ExampleTest" time="0.002"/>
  <testcase name="testCalcularMediaEmpty" classname="com.junitpushup.ExampleTest" time="0.001"/>
  <testcase name="testCheckPositivo" classname="com.junitpushup.ExampleTest" time="0.001"/>
  <testcase name="testRevertirCadena" classname="com.junitpushup.ExampleTest" time="0.001"/>
  <testcase name="testCalcularMedia" classname="com.junitpushup.ExampleTest" time="0.005"/>
  <testcase name="testCheckPositivoError" classname="com.junitpushup.ExampleTest" time="0.003"/>
  <testcase name="testContieneElemento" classname="com.junitpushup.ExampleTest" time="0.0"/>
  <testcase name="testEsPrimoMenorQueUno" classname="com.junitpushup.ExampleTest" time="0.0"/>
</testsuite>